<?xml version="1.0" encoding="UTF-8"?>
<testsuite xmlns:xsi="http://www.w3.org/2001/XMLSchema-instance" xsi:noNamespaceSchemaLocation="https://maven.apache.org/surefire/maven-surefire-plugin/xsd/surefire-test-report.xsd" name="cn.tblack.reminder.DailyReminderApplicationTests" time="28.703" tests="1" errors="0" skipped="0" failures="0">
  <properties>
    <property name="sun.desktop" value="windows"/>
    <property name="awt.toolkit" value="sun.awt.windows.WToolkit"/>
    <property name="java.specification.version" value="10"/>
    <property name="file.encoding.pkg" value="sun.io"/>
    <property name="sun.cpu.isalist" value="amd64"/>
    <property name="sun.jnu.encoding" value="GBK"/>
    <property name="java.class.path" value="C:\SpringWorkspace\daily-reminder\target\test-classes;C:\SpringWorkspace\daily-reminder\target\classes;C:\Users\13959\Desktop\JavaWeb\apache-maven-3.6.1\repository\org\springframework\boot\spring-boot-starter-actuator\2.1.9.RELEASE\spring-boot-starter-actuator-2.1.9.RELEASE.jar;C:\Users\13959\Desktop\JavaWeb\apache-maven-3.6.1\repository\org\springframework\boot\spring-boot-starter\2.1.9.RELEASE\spring-boot-starter-2.1.9.RELEASE.jar;C:\Users\13959\Desktop\JavaWeb\apache-maven-3.6.1\repository\org\springframework\boot\spring-boot-starter-logging\2.1.9.RELEASE\spring-boot-starter-logging-2.1.9.RELEASE.jar;C:\Users\13959\Desktop\JavaWeb\apache-maven-3.6.1\repository\ch\qos\logback\logback-classic\1.2.3\logback-classic-1.2.3.jar;C:\Users\13959\Desktop\JavaWeb\apache-maven-3.6.1\repository\ch\qos\logback\logback-core\1.2.3\logback-core-1.2.3.jar;C:\Users\13959\Desktop\JavaWeb\apache-maven-3.6.1\repository\org\apache\logging\log4j\log4j-to-slf4j\2.11.2\log4j-to-slf4j-2.11.2.jar;C:\Users\13959\Desktop\JavaWeb\apache-maven-3.6.1\repository\org\apache\logging\log4j\log4j-api\2.11.2\log4j-api-2.11.2.jar;C:\Users\13959\Desktop\JavaWeb\apache-maven-3.6.1\repository\org\slf4j\jul-to-slf4j\1.7.28\jul-to-slf4j-1.7.28.jar;C:\Users\13959\Desktop\JavaWeb\apache-maven-3.6.1\repository\javax\annotation\javax.annotation-api\1.3.2\javax.annotation-api-1.3.2.jar;C:\Users\13959\Desktop\JavaWeb\apache-maven-3.6.1\repository\org\yaml\snakeyaml\1.23\snakeyaml-1.23.jar;C:\Users\13959\Desktop\JavaWeb\apache-maven-3.6.1\repository\org\springframework\boot\spring-boot-actuator-autoconfigure\2.1.9.RELEASE\spring-boot-actuator-autoconfigure-2.1.9.RELEASE.jar;C:\Users\13959\Desktop\JavaWeb\apache-maven-3.6.1\repository\io\micrometer\micrometer-core\1.1.7\micrometer-core-1.1.7.jar;C:\Users\13959\Desktop\JavaWeb\apache-maven-3.6.1\repository\org\springframework\boot\spring-boot-starter-data-jpa\2.1.9.RELEASE\spring-boot-starter-data-jpa-2.1.9.RELEASE.jar;C:\Users\13959\Desktop\JavaWeb\apache-maven-3.6.1\repository\org\springframework\boot\spring-boot-starter-aop\2.1.9.RELEASE\spring-boot-starter-aop-2.1.9.RELEASE.jar;C:\Users\13959\Desktop\JavaWeb\apache-maven-3.6.1\repository\org\aspectj\aspectjweaver\1.9.4\aspectjweaver-1.9.4.jar;C:\Users\13959\Desktop\JavaWeb\apache-maven-3.6.1\repository\org\springframework\boot\spring-boot-starter-jdbc\2.1.9.RELEASE\spring-boot-starter-jdbc-2.1.9.RELEASE.jar;C:\Users\13959\Desktop\JavaWeb\apache-maven-3.6.1\repository\com\zaxxer\HikariCP\3.2.0\HikariCP-3.2.0.jar;C:\Users\13959\Desktop\JavaWeb\apache-maven-3.6.1\repository\javax\transaction\javax.transaction-api\1.3\javax.transaction-api-1.3.jar;C:\Users\13959\Desktop\JavaWeb\apache-maven-3.6.1\repository\javax\xml\bind\jaxb-api\2.3.1\jaxb-api-2.3.1.jar;C:\Users\13959\Desktop\JavaWeb\apache-maven-3.6.1\repository\javax\activation\javax.activation-api\1.2.0\javax.activation-api-1.2.0.jar;C:\Users\13959\Desktop\JavaWeb\apache-maven-3.6.1\repository\org\hibernate\hibernate-core\5.3.12.Final\hibernate-core-5.3.12.Final.jar;C:\Users\13959\Desktop\JavaWeb\apache-maven-3.6.1\repository\org\jboss\logging\jboss-logging\3.3.3.Final\jboss-logging-3.3.3.Final.jar;C:\Users\13959\Desktop\JavaWeb\apache-maven-3.6.1\repository\javax\persistence\javax.persistence-api\2.2\javax.persistence-api-2.2.jar;C:\Users\13959\Desktop\JavaWeb\apache-maven-3.6.1\repository\org\javassist\javassist\3.23.2-GA\javassist-3.23.2-GA.jar;C:\Users\13959\Desktop\JavaWeb\apache-maven-3.6.1\repository\net\bytebuddy\byte-buddy\1.9.16\byte-buddy-1.9.16.jar;C:\Users\13959\Desktop\JavaWeb\apache-maven-3.6.1\repository\antlr\antlr\2.7.7\antlr-2.7.7.jar;C:\Users\13959\Desktop\JavaWeb\apache-maven-3.6.1\repository\org\jboss\jandex\2.0.5.Final\jandex-2.0.5.Final.jar;C:\Users\13959\Desktop\JavaWeb\apache-maven-3.6.1\repository\com\fasterxml\classmate\1.4.0\classmate-1.4.0.jar;C:\Users\13959\Desktop\JavaWeb\apache-maven-3.6.1\repository\org\dom4j\dom4j\2.1.1\dom4j-2.1.1.jar;C:\Users\13959\Desktop\JavaWeb\apache-maven-3.6.1\repository\org\hibernate\common\hibernate-commons-annotations\5.0.4.Final\hibernate-commons-annotations-5.0.4.Final.jar;C:\Users\13959\Desktop\JavaWeb\apache-maven-3.6.1\repository\org\glassfish\jaxb\jaxb-runtime\2.3.1\jaxb-runtime-2.3.1.jar;C:\Users\13959\Desktop\JavaWeb\apache-maven-3.6.1\repository\org\springframework\data\spring-data-jpa\2.1.11.RELEASE\spring-data-jpa-2.1.11.RELEASE.jar;C:\Users\13959\Desktop\JavaWeb\apache-maven-3.6.1\repository\org\springframework\spring-aspects\5.1.10.RELEASE\spring-aspects-5.1.10.RELEASE.jar;C:\Users\13959\Desktop\JavaWeb\apache-maven-3.6.1\repository\org\springframework\boot\spring-boot-starter-freemarker\2.1.9.RELEASE\spring-boot-starter-freemarker-2.1.9.RELEASE.jar;C:\Users\13959\Desktop\JavaWeb\apache-maven-3.6.1\repository\org\freemarker\freemarker\2.3.29\freemarker-2.3.29.jar;C:\Users\13959\Desktop\JavaWeb\apache-maven-3.6.1\repository\org\springframework\spring-context-support\5.1.10.RELEASE\spring-context-support-5.1.10.RELEASE.jar;C:\Users\13959\Desktop\JavaWeb\apache-maven-3.6.1\repository\org\springframework\spring-context\5.1.10.RELEASE\spring-context-5.1.10.RELEASE.jar;C:\Users\13959\Desktop\JavaWeb\apache-maven-3.6.1\repository\org\springframework\boot\spring-boot-starter-mail\2.1.9.RELEASE\spring-boot-starter-mail-2.1.9.RELEASE.jar;C:\Users\13959\Desktop\JavaWeb\apache-maven-3.6.1\repository\com\sun\mail\javax.mail\1.6.2\javax.mail-1.6.2.jar;C:\Users\13959\Desktop\JavaWeb\apache-maven-3.6.1\repository\javax\activation\activation\1.1\activation-1.1.jar;C:\Users\13959\Desktop\JavaWeb\apache-maven-3.6.1\repository\org\springframework\boot\spring-boot-starter-security\2.1.9.RELEASE\spring-boot-starter-security-2.1.9.RELEASE.jar;C:\Users\13959\Desktop\JavaWeb\apache-maven-3.6.1\repository\org\springframework\spring-aop\5.1.10.RELEASE\spring-aop-5.1.10.RELEASE.jar;C:\Users\13959\Desktop\JavaWeb\apache-maven-3.6.1\repository\org\springframework\security\spring-security-config\5.1.6.RELEASE\spring-security-config-5.1.6.RELEASE.jar;C:\Users\13959\Desktop\JavaWeb\apache-maven-3.6.1\repository\org\springframework\security\spring-security-web\5.1.6.RELEASE\spring-security-web-5.1.6.RELEASE.jar;C:\Users\13959\Desktop\JavaWeb\apache-maven-3.6.1\repository\org\springframework\spring-expression\5.1.10.RELEASE\spring-expression-5.1.10.RELEASE.jar;C:\Users\13959\Desktop\JavaWeb\apache-maven-3.6.1\repository\org\springframework\boot\spring-boot-starter-web\2.1.9.RELEASE\spring-boot-starter-web-2.1.9.RELEASE.jar;C:\Users\13959\Desktop\JavaWeb\apache-maven-3.6.1\repository\org\springframework\boot\spring-boot-starter-json\2.1.9.RELEASE\spring-boot-starter-json-2.1.9.RELEASE.jar;C:\Users\13959\Desktop\JavaWeb\apache-maven-3.6.1\repository\com\fasterxml\jackson\core\jackson-databind\2.9.9.3\jackson-databind-2.9.9.3.jar;C:\Users\13959\Desktop\JavaWeb\apache-maven-3.6.1\repository\com\fasterxml\jackson\core\jackson-annotations\2.9.0\jackson-annotations-2.9.0.jar;C:\Users\13959\Desktop\JavaWeb\apache-maven-3.6.1\repository\com\fasterxml\jackson\core\jackson-core\2.9.9\jackson-core-2.9.9.jar;C:\Users\13959\Desktop\JavaWeb\apache-maven-3.6.1\repository\com\fasterxml\jackson\datatype\jackson-datatype-jdk8\2.9.9\jackson-datatype-jdk8-2.9.9.jar;C:\Users\13959\Desktop\JavaWeb\apache-maven-3.6.1\repository\com\fasterxml\jackson\datatype\jackson-datatype-jsr310\2.9.9\jackson-datatype-jsr310-2.9.9.jar;C:\Users\13959\Desktop\JavaWeb\apache-maven-3.6.1\repository\com\fasterxml\jackson\module\jackson-module-parameter-names\2.9.9\jackson-module-parameter-names-2.9.9.jar;C:\Users\13959\Desktop\JavaWeb\apache-maven-3.6.1\repository\org\springframework\boot\spring-boot-starter-tomcat\2.1.9.RELEASE\spring-boot-starter-tomcat-2.1.9.RELEASE.jar;C:\Users\13959\Desktop\JavaWeb\apache-maven-3.6.1\repository\org\apache\tomcat\embed\tomcat-embed-core\9.0.26\tomcat-embed-core-9.0.26.jar;C:\Users\13959\Desktop\JavaWeb\apache-maven-3.6.1\repository\org\apache\tomcat\embed\tomcat-embed-el\9.0.26\tomcat-embed-el-9.0.26.jar;C:\Users\13959\Desktop\JavaWeb\apache-maven-3.6.1\repository\org\apache\tomcat\embed\tomcat-embed-websocket\9.0.26\tomcat-embed-websocket-9.0.26.jar;C:\Users\13959\Desktop\JavaWeb\apache-maven-3.6.1\repository\org\hibernate\validator\hibernate-validator\6.0.17.Final\hibernate-validator-6.0.17.Final.jar;C:\Users\13959\Desktop\JavaWeb\apache-maven-3.6.1\repository\javax\validation\validation-api\2.0.1.Final\validation-api-2.0.1.Final.jar;C:\Users\13959\Desktop\JavaWeb\apache-maven-3.6.1\repository\org\springframework\spring-web\5.1.10.RELEASE\spring-web-5.1.10.RELEASE.jar;C:\Users\13959\Desktop\JavaWeb\apache-maven-3.6.1\repository\org\springframework\spring-webmvc\5.1.10.RELEASE\spring-webmvc-5.1.10.RELEASE.jar;C:\Users\13959\Desktop\JavaWeb\apache-maven-3.6.1\repository\mysql\mysql-connector-java\8.0.17\mysql-connector-java-8.0.17.jar;C:\Users\13959\Desktop\JavaWeb\apache-maven-3.6.1\repository\org\springframework\boot\spring-boot-starter-jta-atomikos\2.1.9.RELEASE\spring-boot-starter-jta-atomikos-2.1.9.RELEASE.jar;C:\Users\13959\Desktop\JavaWeb\apache-maven-3.6.1\repository\com\atomikos\transactions-jms\4.0.6\transactions-jms-4.0.6.jar;C:\Users\13959\Desktop\JavaWeb\apache-maven-3.6.1\repository\com\atomikos\transactions-jta\4.0.6\transactions-jta-4.0.6.jar;C:\Users\13959\Desktop\JavaWeb\apache-maven-3.6.1\repository\com\atomikos\transactions-api\4.0.6\transactions-api-4.0.6.jar;C:\Users\13959\Desktop\JavaWeb\apache-maven-3.6.1\repository\com\atomikos\transactions\4.0.6\transactions-4.0.6.jar;C:\Users\13959\Desktop\JavaWeb\apache-maven-3.6.1\repository\com\atomikos\atomikos-util\4.0.6\atomikos-util-4.0.6.jar;C:\Users\13959\Desktop\JavaWeb\apache-maven-3.6.1\repository\com\atomikos\transactions-jdbc\4.0.6\transactions-jdbc-4.0.6.jar;C:\Users\13959\Desktop\JavaWeb\apache-maven-3.6.1\repository\com\alibaba\druid-spring-boot-starter\1.1.9\druid-spring-boot-starter-1.1.9.jar;C:\Users\13959\Desktop\JavaWeb\apache-maven-3.6.1\repository\com\alibaba\druid\1.1.9\druid-1.1.9.jar;C:\Users\13959\Desktop\JavaWeb\apache-maven-3.6.1\repository\org\slf4j\slf4j-api\1.7.28\slf4j-api-1.7.28.jar;C:\Users\13959\Desktop\JavaWeb\apache-maven-3.6.1\repository\org\springframework\boot\spring-boot-autoconfigure\2.1.9.RELEASE\spring-boot-autoconfigure-2.1.9.RELEASE.jar;C:\Users\13959\Desktop\JavaWeb\apache-maven-3.6.1\repository\org\springframework\boot\spring-boot-starter-quartz\2.1.9.RELEASE\spring-boot-starter-quartz-2.1.9.RELEASE.jar;C:\Users\13959\Desktop\JavaWeb\apache-maven-3.6.1\repository\org\springframework\spring-tx\5.1.10.RELEASE\spring-tx-5.1.10.RELEASE.jar;C:\Users\13959\Desktop\JavaWeb\apache-maven-3.6.1\repository\org\quartz-scheduler\quartz\2.3.1\quartz-2.3.1.jar;C:\Users\13959\Desktop\JavaWeb\apache-maven-3.6.1\repository\com\mchange\mchange-commons-java\0.2.15\mchange-commons-java-0.2.15.jar;C:\Users\13959\Desktop\JavaWeb\apache-maven-3.6.1\repository\org\springframework\data\spring-data-commons\2.1.11.RELEASE\spring-data-commons-2.1.11.RELEASE.jar;C:\Users\13959\Desktop\JavaWeb\apache-maven-3.6.1\repository\org\springframework\spring-orm\5.1.10.RELEASE\spring-orm-5.1.10.RELEASE.jar;C:\Users\13959\Desktop\JavaWeb\apache-maven-3.6.1\repository\org\springframework\spring-beans\5.1.10.RELEASE\spring-beans-5.1.10.RELEASE.jar;C:\Users\13959\Desktop\JavaWeb\apache-maven-3.6.1\repository\org\springframework\spring-core\5.1.10.RELEASE\spring-core-5.1.10.RELEASE.jar;C:\Users\13959\Desktop\JavaWeb\apache-maven-3.6.1\repository\org\springframework\spring-jcl\5.1.10.RELEASE\spring-jcl-5.1.10.RELEASE.jar;C:\Users\13959\Desktop\JavaWeb\apache-maven-3.6.1\repository\org\springframework\spring-jdbc\5.1.10.RELEASE\spring-jdbc-5.1.10.RELEASE.jar;C:\Users\13959\Desktop\JavaWeb\apache-maven-3.6.1\repository\org\springframework\boot\spring-boot-actuator\2.1.9.RELEASE\spring-boot-actuator-2.1.9.RELEASE.jar;C:\Users\13959\Desktop\JavaWeb\apache-maven-3.6.1\repository\org\springframework\boot\spring-boot\2.1.9.RELEASE\spring-boot-2.1.9.RELEASE.jar;C:\Users\13959\Desktop\JavaWeb\apache-maven-3.6.1\repository\org\latencyutils\LatencyUtils\2.0.3\LatencyUtils-2.0.3.jar;C:\Users\13959\Desktop\JavaWeb\apache-maven-3.6.1\repository\org\hdrhistogram\HdrHistogram\2.1.8\HdrHistogram-2.1.8.jar;C:\Users\13959\Desktop\JavaWeb\apache-maven-3.6.1\repository\com\cronutils\cron-utils\9.0.1\cron-utils-9.0.1.jar;C:\Users\13959\Desktop\JavaWeb\apache-maven-3.6.1\repository\javax\interceptor\javax.interceptor-api\1.2\javax.interceptor-api-1.2.jar;C:\Users\13959\Desktop\JavaWeb\apache-maven-3.6.1\repository\org\springframework\boot\spring-boot-starter-test\2.1.9.RELEASE\spring-boot-starter-test-2.1.9.RELEASE.jar;C:\Users\13959\Desktop\JavaWeb\apache-maven-3.6.1\repository\org\springframework\boot\spring-boot-test\2.1.9.RELEASE\spring-boot-test-2.1.9.RELEASE.jar;C:\Users\13959\Desktop\JavaWeb\apache-maven-3.6.1\repository\org\springframework\boot\spring-boot-test-autoconfigure\2.1.9.RELEASE\spring-boot-test-autoconfigure-2.1.9.RELEASE.jar;C:\Users\13959\Desktop\JavaWeb\apache-maven-3.6.1\repository\com\jayway\jsonpath\json-path\2.4.0\json-path-2.4.0.jar;C:\Users\13959\Desktop\JavaWeb\apache-maven-3.6.1\repository\net\minidev\json-smart\2.3\json-smart-2.3.jar;C:\Users\13959\Desktop\JavaWeb\apache-maven-3.6.1\repository\net\minidev\accessors-smart\1.2\accessors-smart-1.2.jar;C:\Users\13959\Desktop\JavaWeb\apache-maven-3.6.1\repository\org\ow2\asm\asm\5.0.4\asm-5.0.4.jar;C:\Users\13959\Desktop\JavaWeb\apache-maven-3.6.1\repository\junit\junit\4.12\junit-4.12.jar;C:\Users\13959\Desktop\JavaWeb\apache-maven-3.6.1\repository\org\assertj\assertj-core\3.11.1\assertj-core-3.11.1.jar;C:\Users\13959\Desktop\JavaWeb\apache-maven-3.6.1\repository\org\mockito\mockito-core\2.23.4\mockito-core-2.23.4.jar;C:\Users\13959\Desktop\JavaWeb\apache-maven-3.6.1\repository\net\bytebuddy\byte-buddy-agent\1.9.16\byte-buddy-agent-1.9.16.jar;C:\Users\13959\Desktop\JavaWeb\apache-maven-3.6.1\repository\org\objenesis\objenesis\2.6\objenesis-2.6.jar;C:\Users\13959\Desktop\JavaWeb\apache-maven-3.6.1\repository\org\hamcrest\hamcrest-core\1.3\hamcrest-core-1.3.jar;C:\Users\13959\Desktop\JavaWeb\apache-maven-3.6.1\repository\org\hamcrest\hamcrest-library\1.3\hamcrest-library-1.3.jar;C:\Users\13959\Desktop\JavaWeb\apache-maven-3.6.1\repository\org\skyscreamer\jsonassert\1.5.0\jsonassert-1.5.0.jar;C:\Users\13959\Desktop\JavaWeb\apache-maven-3.6.1\repository\com\vaadin\external\google\android-json\0.0.20131108.vaadin1\android-json-0.0.20131108.vaadin1.jar;C:\Users\13959\Desktop\JavaWeb\apache-maven-3.6.1\repository\org\springframework\spring-test\5.1.10.RELEASE\spring-test-5.1.10.RELEASE.jar;C:\Users\13959\Desktop\JavaWeb\apache-maven-3.6.1\repository\org\xmlunit\xmlunit-core\2.6.3\xmlunit-core-2.6.3.jar;C:\Users\13959\Desktop\JavaWeb\apache-maven-3.6.1\repository\org\springframework\security\spring-security-test\5.1.6.RELEASE\spring-security-test-5.1.6.RELEASE.jar;C:\Users\13959\Desktop\JavaWeb\apache-maven-3.6.1\repository\org\springframework\security\spring-security-core\5.1.6.RELEASE\spring-security-core-5.1.6.RELEASE.jar;C:\Users\13959\Desktop\JavaWeb\apache-maven-3.6.1\repository\org\springframework\boot\spring-boot-configuration-processor\2.1.9.RELEASE\spring-boot-configuration-processor-2.1.9.RELEASE.jar;"/>
    <property name="java.vm.vendor" value="&quot;Oracle Corporation&quot;"/>
    <property name="sun.arch.data.model" value="64"/>
    <property name="user.variant" value=""/>
    <property name="java.vendor.url" value="http://java.oracle.com/"/>
    <property name="user.timezone" value="Asia/Shanghai"/>
    <property name="java.vm.specification.version" value="10"/>
    <property name="os.name" value="Windows 10"/>
    <property name="sun.java.launcher" value="SUN_STANDARD"/>
    <property name="user.country" value="CN"/>
    <property name="sun.boot.library.path" value="C:\Program Files\Java\jdk-10.0.1\bin"/>
    <property name="sun.java.command" value="C:\Users\13959\AppData\Local\Temp\surefire8150644514937017950\surefirebooter5444283727400160767.jar C:\Users\13959\AppData\Local\Temp\surefire8150644514937017950 2019-11-20T09-39-24_457-jvmRun1 surefire6499745579374745562tmp surefire_06347904863852489068tmp"/>
    <property name="jdk.debug" value="release"/>
    <property name="surefire.test.class.path" value="C:\SpringWorkspace\daily-reminder\target\test-classes;C:\SpringWorkspace\daily-reminder\target\classes;C:\Users\13959\Desktop\JavaWeb\apache-maven-3.6.1\repository\org\springframework\boot\spring-boot-starter-actuator\2.1.9.RELEASE\spring-boot-starter-actuator-2.1.9.RELEASE.jar;C:\Users\13959\Desktop\JavaWeb\apache-maven-3.6.1\repository\org\springframework\boot\spring-boot-starter\2.1.9.RELEASE\spring-boot-starter-2.1.9.RELEASE.jar;C:\Users\13959\Desktop\JavaWeb\apache-maven-3.6.1\repository\org\springframework\boot\spring-boot-starter-logging\2.1.9.RELEASE\spring-boot-starter-logging-2.1.9.RELEASE.jar;C:\Users\13959\Desktop\JavaWeb\apache-maven-3.6.1\repository\ch\qos\logback\logback-classic\1.2.3\logback-classic-1.2.3.jar;C:\Users\13959\Desktop\JavaWeb\apache-maven-3.6.1\repository\ch\qos\logback\logback-core\1.2.3\logback-core-1.2.3.jar;C:\Users\13959\Desktop\JavaWeb\apache-maven-3.6.1\repository\org\apache\logging\log4j\log4j-to-slf4j\2.11.2\log4j-to-slf4j-2.11.2.jar;C:\Users\13959\Desktop\JavaWeb\apache-maven-3.6.1\repository\org\apache\logging\log4j\log4j-api\2.11.2\log4j-api-2.11.2.jar;C:\Users\13959\Desktop\JavaWeb\apache-maven-3.6.1\repository\org\slf4j\jul-to-slf4j\1.7.28\jul-to-slf4j-1.7.28.jar;C:\Users\13959\Desktop\JavaWeb\apache-maven-3.6.1\repository\javax\annotation\javax.annotation-api\1.3.2\javax.annotation-api-1.3.2.jar;C:\Users\13959\Desktop\JavaWeb\apache-maven-3.6.1\repository\org\yaml\snakeyaml\1.23\snakeyaml-1.23.jar;C:\Users\13959\Desktop\JavaWeb\apache-maven-3.6.1\repository\org\springframework\boot\spring-boot-actuator-autoconfigure\2.1.9.RELEASE\spring-boot-actuator-autoconfigure-2.1.9.RELEASE.jar;C:\Users\13959\Desktop\JavaWeb\apache-maven-3.6.1\repository\io\micrometer\micrometer-core\1.1.7\micrometer-core-1.1.7.jar;C:\Users\13959\Desktop\JavaWeb\apache-maven-3.6.1\repository\org\springframework\boot\spring-boot-starter-data-jpa\2.1.9.RELEASE\spring-boot-starter-data-jpa-2.1.9.RELEASE.jar;C:\Users\13959\Desktop\JavaWeb\apache-maven-3.6.1\repository\org\springframework\boot\spring-boot-starter-aop\2.1.9.RELEASE\spring-boot-starter-aop-2.1.9.RELEASE.jar;C:\Users\13959\Desktop\JavaWeb\apache-maven-3.6.1\repository\org\aspectj\aspectjweaver\1.9.4\aspectjweaver-1.9.4.jar;C:\Users\13959\Desktop\JavaWeb\apache-maven-3.6.1\repository\org\springframework\boot\spring-boot-starter-jdbc\2.1.9.RELEASE\spring-boot-starter-jdbc-2.1.9.RELEASE.jar;C:\Users\13959\Desktop\JavaWeb\apache-maven-3.6.1\repository\com\zaxxer\HikariCP\3.2.0\HikariCP-3.2.0.jar;C:\Users\13959\Desktop\JavaWeb\apache-maven-3.6.1\repository\javax\transaction\javax.transaction-api\1.3\javax.transaction-api-1.3.jar;C:\Users\13959\Desktop\JavaWeb\apache-maven-3.6.1\repository\javax\xml\bind\jaxb-api\2.3.1\jaxb-api-2.3.1.jar;C:\Users\13959\Desktop\JavaWeb\apache-maven-3.6.1\repository\javax\activation\javax.activation-api\1.2.0\javax.activation-api-1.2.0.jar;C:\Users\13959\Desktop\JavaWeb\apache-maven-3.6.1\repository\org\hibernate\hibernate-core\5.3.12.Final\hibernate-core-5.3.12.Final.jar;C:\Users\13959\Desktop\JavaWeb\apache-maven-3.6.1\repository\org\jboss\logging\jboss-logging\3.3.3.Final\jboss-logging-3.3.3.Final.jar;C:\Users\13959\Desktop\JavaWeb\apache-maven-3.6.1\repository\javax\persistence\javax.persistence-api\2.2\javax.persistence-api-2.2.jar;C:\Users\13959\Desktop\JavaWeb\apache-maven-3.6.1\repository\org\javassist\javassist\3.23.2-GA\javassist-3.23.2-GA.jar;C:\Users\13959\Desktop\JavaWeb\apache-maven-3.6.1\repository\net\bytebuddy\byte-buddy\1.9.16\byte-buddy-1.9.16.jar;C:\Users\13959\Desktop\JavaWeb\apache-maven-3.6.1\repository\antlr\antlr\2.7.7\antlr-2.7.7.jar;C:\Users\13959\Desktop\JavaWeb\apache-maven-3.6.1\repository\org\jboss\jandex\2.0.5.Final\jandex-2.0.5.Final.jar;C:\Users\13959\Desktop\JavaWeb\apache-maven-3.6.1\repository\com\fasterxml\classmate\1.4.0\classmate-1.4.0.jar;C:\Users\13959\Desktop\JavaWeb\apache-maven-3.6.1\repository\org\dom4j\dom4j\2.1.1\dom4j-2.1.1.jar;C:\Users\13959\Desktop\JavaWeb\apache-maven-3.6.1\repository\org\hibernate\common\hibernate-commons-annotations\5.0.4.Final\hibernate-commons-annotations-5.0.4.Final.jar;C:\Users\13959\Desktop\JavaWeb\apache-maven-3.6.1\repository\org\glassfish\jaxb\jaxb-runtime\2.3.1\jaxb-runtime-2.3.1.jar;C:\Users\13959\Desktop\JavaWeb\apache-maven-3.6.1\repository\org\springframework\data\spring-data-jpa\2.1.11.RELEASE\spring-data-jpa-2.1.11.RELEASE.jar;C:\Users\13959\Desktop\JavaWeb\apache-maven-3.6.1\repository\org\springframework\spring-aspects\5.1.10.RELEASE\spring-aspects-5.1.10.RELEASE.jar;C:\Users\13959\Desktop\JavaWeb\apache-maven-3.6.1\repository\org\springframework\boot\spring-boot-starter-freemarker\2.1.9.RELEASE\spring-boot-starter-freemarker-2.1.9.RELEASE.jar;C:\Users\13959\Desktop\JavaWeb\apache-maven-3.6.1\repository\org\freemarker\freemarker\2.3.29\freemarker-2.3.29.jar;C:\Users\13959\Desktop\JavaWeb\apache-maven-3.6.1\repository\org\springframework\spring-context-support\5.1.10.RELEASE\spring-context-support-5.1.10.RELEASE.jar;C:\Users\13959\Desktop\JavaWeb\apache-maven-3.6.1\repository\org\springframework\spring-context\5.1.10.RELEASE\spring-context-5.1.10.RELEASE.jar;C:\Users\13959\Desktop\JavaWeb\apache-maven-3.6.1\repository\org\springframework\boot\spring-boot-starter-mail\2.1.9.RELEASE\spring-boot-starter-mail-2.1.9.RELEASE.jar;C:\Users\13959\Desktop\JavaWeb\apache-maven-3.6.1\repository\com\sun\mail\javax.mail\1.6.2\javax.mail-1.6.2.jar;C:\Users\13959\Desktop\JavaWeb\apache-maven-3.6.1\repository\javax\activation\activation\1.1\activation-1.1.jar;C:\Users\13959\Desktop\JavaWeb\apache-maven-3.6.1\repository\org\springframework\boot\spring-boot-starter-security\2.1.9.RELEASE\spring-boot-starter-security-2.1.9.RELEASE.jar;C:\Users\13959\Desktop\JavaWeb\apache-maven-3.6.1\repository\org\springframework\spring-aop\5.1.10.RELEASE\spring-aop-5.1.10.RELEASE.jar;C:\Users\13959\Desktop\JavaWeb\apache-maven-3.6.1\repository\org\springframework\security\spring-security-config\5.1.6.RELEASE\spring-security-config-5.1.6.RELEASE.jar;C:\Users\13959\Desktop\JavaWeb\apache-maven-3.6.1\repository\org\springframework\security\spring-security-web\5.1.6.RELEASE\spring-security-web-5.1.6.RELEASE.jar;C:\Users\13959\Desktop\JavaWeb\apache-maven-3.6.1\repository\org\springframework\spring-expression\5.1.10.RELEASE\spring-expression-5.1.10.RELEASE.jar;C:\Users\13959\Desktop\JavaWeb\apache-maven-3.6.1\repository\org\springframework\boot\spring-boot-starter-web\2.1.9.RELEASE\spring-boot-starter-web-2.1.9.RELEASE.jar;C:\Users\13959\Desktop\JavaWeb\apache-maven-3.6.1\repository\org\springframework\boot\spring-boot-starter-json\2.1.9.RELEASE\spring-boot-starter-json-2.1.9.RELEASE.jar;C:\Users\13959\Desktop\JavaWeb\apache-maven-3.6.1\repository\com\fasterxml\jackson\core\jackson-databind\2.9.9.3\jackson-databind-2.9.9.3.jar;C:\Users\13959\Desktop\JavaWeb\apache-maven-3.6.1\repository\com\fasterxml\jackson\core\jackson-annotations\2.9.0\jackson-annotations-2.9.0.jar;C:\Users\13959\Desktop\JavaWeb\apache-maven-3.6.1\repository\com\fasterxml\jackson\core\jackson-core\2.9.9\jackson-core-2.9.9.jar;C:\Users\13959\Desktop\JavaWeb\apache-maven-3.6.1\repository\com\fasterxml\jackson\datatype\jackson-datatype-jdk8\2.9.9\jackson-datatype-jdk8-2.9.9.jar;C:\Users\13959\Desktop\JavaWeb\apache-maven-3.6.1\repository\com\fasterxml\jackson\datatype\jackson-datatype-jsr310\2.9.9\jackson-datatype-jsr310-2.9.9.jar;C:\Users\13959\Desktop\JavaWeb\apache-maven-3.6.1\repository\com\fasterxml\jackson\module\jackson-module-parameter-names\2.9.9\jackson-module-parameter-names-2.9.9.jar;C:\Users\13959\Desktop\JavaWeb\apache-maven-3.6.1\repository\org\springframework\boot\spring-boot-starter-tomcat\2.1.9.RELEASE\spring-boot-starter-tomcat-2.1.9.RELEASE.jar;C:\Users\13959\Desktop\JavaWeb\apache-maven-3.6.1\repository\org\apache\tomcat\embed\tomcat-embed-core\9.0.26\tomcat-embed-core-9.0.26.jar;C:\Users\13959\Desktop\JavaWeb\apache-maven-3.6.1\repository\org\apache\tomcat\embed\tomcat-embed-el\9.0.26\tomcat-embed-el-9.0.26.jar;C:\Users\13959\Desktop\JavaWeb\apache-maven-3.6.1\repository\org\apache\tomcat\embed\tomcat-embed-websocket\9.0.26\tomcat-embed-websocket-9.0.26.jar;C:\Users\13959\Desktop\JavaWeb\apache-maven-3.6.1\repository\org\hibernate\validator\hibernate-validator\6.0.17.Final\hibernate-validator-6.0.17.Final.jar;C:\Users\13959\Desktop\JavaWeb\apache-maven-3.6.1\repository\javax\validation\validation-api\2.0.1.Final\validation-api-2.0.1.Final.jar;C:\Users\13959\Desktop\JavaWeb\apache-maven-3.6.1\repository\org\springframework\spring-web\5.1.10.RELEASE\spring-web-5.1.10.RELEASE.jar;C:\Users\13959\Desktop\JavaWeb\apache-maven-3.6.1\repository\org\springframework\spring-webmvc\5.1.10.RELEASE\spring-webmvc-5.1.10.RELEASE.jar;C:\Users\13959\Desktop\JavaWeb\apache-maven-3.6.1\repository\mysql\mysql-connector-java\8.0.17\mysql-connector-java-8.0.17.jar;C:\Users\13959\Desktop\JavaWeb\apache-maven-3.6.1\repository\org\springframework\boot\spring-boot-starter-jta-atomikos\2.1.9.RELEASE\spring-boot-starter-jta-atomikos-2.1.9.RELEASE.jar;C:\Users\13959\Desktop\JavaWeb\apache-maven-3.6.1\repository\com\atomikos\transactions-jms\4.0.6\transactions-jms-4.0.6.jar;C:\Users\13959\Desktop\JavaWeb\apache-maven-3.6.1\repository\com\atomikos\transactions-jta\4.0.6\transactions-jta-4.0.6.jar;C:\Users\13959\Desktop\JavaWeb\apache-maven-3.6.1\repository\com\atomikos\transactions-api\4.0.6\transactions-api-4.0.6.jar;C:\Users\13959\Desktop\JavaWeb\apache-maven-3.6.1\repository\com\atomikos\transactions\4.0.6\transactions-4.0.6.jar;C:\Users\13959\Desktop\JavaWeb\apache-maven-3.6.1\repository\com\atomikos\atomikos-util\4.0.6\atomikos-util-4.0.6.jar;C:\Users\13959\Desktop\JavaWeb\apache-maven-3.6.1\repository\com\atomikos\transactions-jdbc\4.0.6\transactions-jdbc-4.0.6.jar;C:\Users\13959\Desktop\JavaWeb\apache-maven-3.6.1\repository\com\alibaba\druid-spring-boot-starter\1.1.9\druid-spring-boot-starter-1.1.9.jar;C:\Users\13959\Desktop\JavaWeb\apache-maven-3.6.1\repository\com\alibaba\druid\1.1.9\druid-1.1.9.jar;C:\Users\13959\Desktop\JavaWeb\apache-maven-3.6.1\repository\org\slf4j\slf4j-api\1.7.28\slf4j-api-1.7.28.jar;C:\Users\13959\Desktop\JavaWeb\apache-maven-3.6.1\repository\org\springframework\boot\spring-boot-autoconfigure\2.1.9.RELEASE\spring-boot-autoconfigure-2.1.9.RELEASE.jar;C:\Users\13959\Desktop\JavaWeb\apache-maven-3.6.1\repository\org\springframework\boot\spring-boot-starter-quartz\2.1.9.RELEASE\spring-boot-starter-quartz-2.1.9.RELEASE.jar;C:\Users\13959\Desktop\JavaWeb\apache-maven-3.6.1\repository\org\springframework\spring-tx\5.1.10.RELEASE\spring-tx-5.1.10.RELEASE.jar;C:\Users\13959\Desktop\JavaWeb\apache-maven-3.6.1\repository\org\quartz-scheduler\quartz\2.3.1\quartz-2.3.1.jar;C:\Users\13959\Desktop\JavaWeb\apache-maven-3.6.1\repository\com\mchange\mchange-commons-java\0.2.15\mchange-commons-java-0.2.15.jar;C:\Users\13959\Desktop\JavaWeb\apache-maven-3.6.1\repository\org\springframework\data\spring-data-commons\2.1.11.RELEASE\spring-data-commons-2.1.11.RELEASE.jar;C:\Users\13959\Desktop\JavaWeb\apache-maven-3.6.1\repository\org\springframework\spring-orm\5.1.10.RELEASE\spring-orm-5.1.10.RELEASE.jar;C:\Users\13959\Desktop\JavaWeb\apache-maven-3.6.1\repository\org\springframework\spring-beans\5.1.10.RELEASE\spring-beans-5.1.10.RELEASE.jar;C:\Users\13959\Desktop\JavaWeb\apache-maven-3.6.1\repository\org\springframework\spring-core\5.1.10.RELEASE\spring-core-5.1.10.RELEASE.jar;C:\Users\13959\Desktop\JavaWeb\apache-maven-3.6.1\repository\org\springframework\spring-jcl\5.1.10.RELEASE\spring-jcl-5.1.10.RELEASE.jar;C:\Users\13959\Desktop\JavaWeb\apache-maven-3.6.1\repository\org\springframework\spring-jdbc\5.1.10.RELEASE\spring-jdbc-5.1.10.RELEASE.jar;C:\Users\13959\Desktop\JavaWeb\apache-maven-3.6.1\repository\org\springframework\boot\spring-boot-actuator\2.1.9.RELEASE\spring-boot-actuator-2.1.9.RELEASE.jar;C:\Users\13959\Desktop\JavaWeb\apache-maven-3.6.1\repository\org\springframework\boot\spring-boot\2.1.9.RELEASE\spring-boot-2.1.9.RELEASE.jar;C:\Users\13959\Desktop\JavaWeb\apache-maven-3.6.1\repository\org\latencyutils\LatencyUtils\2.0.3\LatencyUtils-2.0.3.jar;C:\Users\13959\Desktop\JavaWeb\apache-maven-3.6.1\repository\org\hdrhistogram\HdrHistogram\2.1.8\HdrHistogram-2.1.8.jar;C:\Users\13959\Desktop\JavaWeb\apache-maven-3.6.1\repository\com\cronutils\cron-utils\9.0.1\cron-utils-9.0.1.jar;C:\Users\13959\Desktop\JavaWeb\apache-maven-3.6.1\repository\javax\interceptor\javax.interceptor-api\1.2\javax.interceptor-api-1.2.jar;C:\Users\13959\Desktop\JavaWeb\apache-maven-3.6.1\repository\org\springframework\boot\spring-boot-starter-test\2.1.9.RELEASE\spring-boot-starter-test-2.1.9.RELEASE.jar;C:\Users\13959\Desktop\JavaWeb\apache-maven-3.6.1\repository\org\springframework\boot\spring-boot-test\2.1.9.RELEASE\spring-boot-test-2.1.9.RELEASE.jar;C:\Users\13959\Desktop\JavaWeb\apache-maven-3.6.1\repository\org\springframework\boot\spring-boot-test-autoconfigure\2.1.9.RELEASE\spring-boot-test-autoconfigure-2.1.9.RELEASE.jar;C:\Users\13959\Desktop\JavaWeb\apache-maven-3.6.1\repository\com\jayway\jsonpath\json-path\2.4.0\json-path-2.4.0.jar;C:\Users\13959\Desktop\JavaWeb\apache-maven-3.6.1\repository\net\minidev\json-smart\2.3\json-smart-2.3.jar;C:\Users\13959\Desktop\JavaWeb\apache-maven-3.6.1\repository\net\minidev\accessors-smart\1.2\accessors-smart-1.2.jar;C:\Users\13959\Desktop\JavaWeb\apache-maven-3.6.1\repository\org\ow2\asm\asm\5.0.4\asm-5.0.4.jar;C:\Users\13959\Desktop\JavaWeb\apache-maven-3.6.1\repository\junit\junit\4.12\junit-4.12.jar;C:\Users\13959\Desktop\JavaWeb\apache-maven-3.6.1\repository\org\assertj\assertj-core\3.11.1\assertj-core-3.11.1.jar;C:\Users\13959\Desktop\JavaWeb\apache-maven-3.6.1\repository\org\mockito\mockito-core\2.23.4\mockito-core-2.23.4.jar;C:\Users\13959\Desktop\JavaWeb\apache-maven-3.6.1\repository\net\bytebuddy\byte-buddy-agent\1.9.16\byte-buddy-agent-1.9.16.jar;C:\Users\13959\Desktop\JavaWeb\apache-maven-3.6.1\repository\org\objenesis\objenesis\2.6\objenesis-2.6.jar;C:\Users\13959\Desktop\JavaWeb\apache-maven-3.6.1\repository\org\hamcrest\hamcrest-core\1.3\hamcrest-core-1.3.jar;C:\Users\13959\Desktop\JavaWeb\apache-maven-3.6.1\repository\org\hamcrest\hamcrest-library\1.3\hamcrest-library-1.3.jar;C:\Users\13959\Desktop\JavaWeb\apache-maven-3.6.1\repository\org\skyscreamer\jsonassert\1.5.0\jsonassert-1.5.0.jar;C:\Users\13959\Desktop\JavaWeb\apache-maven-3.6.1\repository\com\vaadin\external\google\android-json\0.0.20131108.vaadin1\android-json-0.0.20131108.vaadin1.jar;C:\Users\13959\Desktop\JavaWeb\apache-maven-3.6.1\repository\org\springframework\spring-test\5.1.10.RELEASE\spring-test-5.1.10.RELEASE.jar;C:\Users\13959\Desktop\JavaWeb\apache-maven-3.6.1\repository\org\xmlunit\xmlunit-core\2.6.3\xmlunit-core-2.6.3.jar;C:\Users\13959\Desktop\JavaWeb\apache-maven-3.6.1\repository\org\springframework\security\spring-security-test\5.1.6.RELEASE\spring-security-test-5.1.6.RELEASE.jar;C:\Users\13959\Desktop\JavaWeb\apache-maven-3.6.1\repository\org\springframework\security\spring-security-core\5.1.6.RELEASE\spring-security-core-5.1.6.RELEASE.jar;C:\Users\13959\Desktop\JavaWeb\apache-maven-3.6.1\repository\org\springframework\boot\spring-boot-configuration-processor\2.1.9.RELEASE\spring-boot-configuration-processor-2.1.9.RELEASE.jar;"/>
    <property name="sun.cpu.endian" value="little"/>
    <property name="user.home" value="C:\Users\13959"/>
    <property name="user.language" value="zh"/>
    <property name="java.specification.vendor" value="Oracle Corporation"/>
    <property name="java.version.date" value="2018-04-17"/>
    <property name="java.home" value="C:\Program Files\Java\jdk-10.0.1"/>
    <property name="file.separator" value="\"/>
    <property name="basedir" value="C:\SpringWorkspace\daily-reminder"/>
    <property name="java.vm.compressedOopsMode" value="32-bit"/>
    <property name="line.separator" value="&#10;"/>
    <property name="java.specification.name" value="Java Platform API Specification"/>
    <property name="java.vm.specification.vendor" value="Oracle Corporation"/>
    <property name="java.awt.graphicsenv" value="sun.awt.Win32GraphicsEnvironment"/>
    <property name="surefire.real.class.path" value="C:\Users\13959\AppData\Local\Temp\surefire8150644514937017950\surefirebooter5444283727400160767.jar"/>
    <property name="user.script" value=""/>
    <property name="sun.management.compiler" value="HotSpot 64-Bit Tiered Compilers"/>
    <property name="java.runtime.version" value="10.0.1+10"/>
    <property name="user.name" value="13959"/>
    <property name="path.separator" value=";"/>
    <property name="os.version" value="10.0"/>
    <property name="java.runtime.name" value="Java(TM) SE Runtime Environment"/>
    <property name="file.encoding" value="GBK"/>
    <property name="java.vm.name" value="Java HotSpot(TM) 64-Bit Server VM"/>
    <property name="java.vendor.version" value="18.3"/>
    <property name="localRepository" value="C:\Users\13959\Desktop\JavaWeb\apache-maven-3.6.1\repository"/>
    <property name="java.vendor.url.bug" value="http://bugreport.java.com/bugreport/"/>
    <property name="java.io.tmpdir" value="C:\Users\13959\AppData\Local\Temp\"/>
    <property name="java.version" value="10.0.1"/>
    <property name="user.dir" value="C:\SpringWorkspace\daily-reminder"/>
    <property name="os.arch" value="amd64"/>
    <property name="java.vm.specification.name" value="Java Virtual Machine Specification"/>
    <property name="java.awt.printerjob" value="sun.awt.windows.WPrinterJob"/>
    <property name="sun.os.patch.level" value=""/>
    <property name="java.library.path" value="C:\Program Files\Java\jdk-10.0.1\bin;C:\WINDOWS\Sun\Java\bin;C:\WINDOWS\system32;C:\WINDOWS;C:\Oracle12C\product\12.1.0\dbhome_1\bin;C:\Oracle12C\workspace\bin;C:\Oracle12C\product\12.2.0\dbhome_1\bin;C:\Program Files (x86)\Common Files\Oracle\Java\javapath;C:\Program Files (x86)\NVIDIA Corporation\PhysX\Common;C:\Program Files (x86)\Intel\iCLS Client\;C:\Program Files\Intel\iCLS Client\;C:\WINDOWS\system32;C:\WINDOWS;C:\WINDOWS\System32\Wbem;C:\WINDOWS\System32\WindowsPowerShell\v1.0\;C:\Program Files (x86)\Intel\Intel(R) Management Engine Components\DAL;C:\Program Files\Intel\Intel(R) Management Engine Components\DAL;C:\Program Files (x86)\Intel\Intel(R) Management Engine Components\IPT;C:\Program Files\Intel\Intel(R) Management Engine Components\IPT;C:\Program Files\IDM Computer Solutions\UltraEdit;C:\Program Files\IDM Computer Solutions\UltraCompare;C:\WINDOWS\system32\config\systemprofile\.dnx\bin;C:\Program Files\Microsoft DNX\Dnvm\;C:\Program Files\Microsoft SQL Server\130\Tools\Binn\;C:\VS2015\VC\bin;C:\VS2015\Common7\IDE;C:\VS2015\VC\include；C:\VS2015\VC\bin；C:\VS2015\VC\lib;\Program Files\Java\jdk-10.0.1\bin;C:\Program Files\Java\jre-10.0.1;C:\Program Files\MySQL\MySQL Server 8.0\bin;C:\WINDOWS\System32\OpenSSH\;C:\Program Files\dotnet\;C:\Program Files (x86)\Microsoft Visual Studio\2017\Community\VC\Tools\MSVC\14.14.26428\bin\Hostx86\x86;C:\Program Files (x86)\Microsoft Visual Studio\2017\Community\VC\Tools\MSVC\14.14.26428\lib\x86;C:\VS2015\VC\atlmfc\lib;C:\Program Files (x86)\Windows Kits\8.1\bin\x86;C:\Program Files (x86)\Windows Kits\10\bin\10.0.17134.0\arm64;C:\Program Files (x86)\Windows Kits\10\bin\10.0.17134.0\x64;C:\Program Files (x86)\Windows Kits\10\bin\10.0.17134.0\x86;C:\Program Files (x86)\Windows Kits\8.1\bin\x64;&quot;C:\Qt\Qt5.11.1\5.11.1\msvc2015_64\bin;C:\Qt\Qt5.11.1\5.11.1\msvc2015_64\include&quot;;C:\Qt\Qt5.11.1\5.11.1\msvc2015_64\lib;&quot;C:\Qt\Qt5.11.1\5.11.1\msvc2017_64\lib;C:\Qt\Qt5.11.1\5.11.1\msvc2017_64\bin;C:\Qt\Qt5.11.1\5.11.1\msvc2017_64\include;&quot;;;C:\Windows\System32;C:\oracle\PLSQL Developer;%M2_HOME%\bin;C:\Users\13959\Desktop\JavaWeb\apache-maven-3.6.1\bin;C:\Program Files\Intel\WiFi\bin\;C:\Program Files\Common Files\Intel\WirelessCommon\;C:\Git\cmd;C:\Erlang\erl10.2\bin;C:\VC98\bin;C:\Users\13959\AppData\Local\Microsoft\WindowsApps;C:\Users\13959\AppData\Local\GitHubDesktop\bin;C:\Users\13959\AppData\Local\Microsoft\WindowsApps;C:\Npcap\Include;C:\Npcap\Include\pcap;C:\Npcap\Lib\x64;C:\Npcap\Lib;;."/>
    <property name="java.vendor" value="Oracle Corporation"/>
    <property name="java.vm.info" value="mixed mode"/>
    <property name="java.vm.version" value="10.0.1+10"/>
    <property name="sun.io.unicode.encoding" value="UnicodeLittle"/>
    <property name="java.class.version" value="54.0"/>
  </properties>
  <testcase name="contextLoads" classname="cn.tblack.reminder.DailyReminderApplicationTests" time="0.168"/>
</testsuite>